ecgMobile/build/outputs/logs/manifest-merger-debug-report.txt
-- Merging decision tree log ---
manifest
ADDED from src\main\AndroidManifest.xml:2:1-90:12
INJECTED from src\main\AndroidManifest.xml:2:1-90:12
INJECTED from src\main\AndroidManifest.xml:2:1-90:12
INJECTED from src\main\AndroidManifest.xml:2:1-90:12
INJECTED from src\main\AndroidManifest.xml:2:1-90:12
INJECTED from src\main\AndroidManifest.xml:2:1-90:12
INJECTED from src\main\AndroidManifest.xml:2:1-90:12
	package
		ADDED from src\main\AndroidManifest.xml:3:5-32
		INJECTED from src\main\AndroidManifest.xml
		INJECTED from src\main\AndroidManifest.xml
	android:versionName
		ADDED from src\main\AndroidManifest.xml:5:5-30
		INJECTED from src\main\AndroidManifest.xml
		INJECTED from src\main\AndroidManifest.xml
	xmlns:android
		ADDED from src\main\AndroidManifest.xml:2:11-69
	android:versionCode
		ADDED from src\main\AndroidManifest.xml:4:5-28
		INJECTED from src\main\AndroidManifest.xml
		INJECTED from src\main\AndroidManifest.xml
uses-permission#android.permission.BLUETOOTH
ADDED from src\main\AndroidManifest.xml:7:5-68
	android:name
		ADDED from src\main\AndroidManifest.xml:7:22-65
uses-permission#android.permission.BLUETOOTH_ADMIN
ADDED from src\main\AndroidManifest.xml:8:5-74
	android:name
		ADDED from src\main\AndroidManifest.xml:8:22-71
uses-permission#android.permission.WRITE_EXTERNAL_STORAGE
ADDED from src\main\AndroidManifest.xml:9:5-81
	android:name
		ADDED from src\main\AndroidManifest.xml:9:22-78
application
ADDED from src\main\AndroidManifest.xml:11:5-84:19
	android:label
		ADDED from src\main\AndroidManifest.xml:14:9-49
	android:icon
		ADDED from src\main\AndroidManifest.xml:13:9-44
	android:allowBackup
		ADDED from src\main\AndroidManifest.xml:12:9-35
activity#com.outsource.ecg.app.MainActivity
ADDED from src\main\AndroidManifest.xml:15:9-23:20
	android:screenOrientation
		ADDED from src\main\AndroidManifest.xml:18:13-49
	android:label
		ADDED from src\main\AndroidManifest.xml:17:13-53
	android:name
		ADDED from src\main\AndroidManifest.xml:16:13-62
intent-filter#android.intent.action.MAIN+android.intent.category.LAUNCHER
ADDED from src\main\AndroidManifest.xml:19:13-22:29
action#android.intent.action.MAIN
ADDED from src\main\AndroidManifest.xml:20:17-69
	android:name
		ADDED from src\main\AndroidManifest.xml:20:25-66
category#android.intent.category.LAUNCHER
ADDED from src\main\AndroidManifest.xml:21:17-77
	android:name
		ADDED from src\main\AndroidManifest.xml:21:27-74
activity#com.outsource.ecg.app.RTEcgChartActivity
ADDED from src\main\AndroidManifest.xml:25:9-29:20
	android:screenOrientation
		ADDED from src\main\AndroidManifest.xml:28:13-49
	android:label
		ADDED from src\main\AndroidManifest.xml:27:13-55
	android:name
		ADDED from src\main\AndroidManifest.xml:26:13-68
activity#com.outsource.ecg.app.EcgLoadHistoryActivity
ADDED from src\main\AndroidManifest.xml:30:9-34:20
	android:screenOrientation
		ADDED from src\main\AndroidManifest.xml:33:13-49
	android:label
		ADDED from src\main\AndroidManifest.xml:32:13-60
	android:name
		ADDED from src\main\AndroidManifest.xml:31:13-72
activity#com.outsource.ecg.app.DeviceListActivity
ADDED from src\main\AndroidManifest.xml:35:9-39:51
	android:screenOrientation
		ADDED from src\main\AndroidManifest.xml:39:13-49
	android:label
		ADDED from src\main\AndroidManifest.xml:38:13-50
	android:configChanges
		ADDED from src\main\AndroidManifest.xml:37:13-63
	android:name
		ADDED from src\main\AndroidManifest.xml:36:13-68
activity#com.outsource.ecg.app.EcgUserManageActivity
ADDED from src\main\AndroidManifest.xml:40:9-50:20
	android:screenOrientation
		ADDED from src\main\AndroidManifest.xml:44:13-49
	android:label
		ADDED from src\main\AndroidManifest.xml:43:13-55
	android:configChanges
		ADDED from src\main\AndroidManifest.xml:42:13-63
	android:name
		ADDED from src\main\AndroidManifest.xml:41:13-71
intent-filter#android.intent.category.DEFAULT+com.outsource.ecg.ECG_MANAGER_MANAGE
ADDED from src\main\AndroidManifest.xml:45:13-49:29
action#com.outsource.ecg.ECG_MANAGER_MANAGE
ADDED from src\main\AndroidManifest.xml:46:17-79
	android:name
		ADDED from src\main\AndroidManifest.xml:46:25-76
category#android.intent.category.DEFAULT
ADDED from src\main\AndroidManifest.xml:48:17-76
	android:name
		ADDED from src\main\AndroidManifest.xml:48:27-73
activity#com.outsource.ecg.app.CreateNewUserActivity
ADDED from src\main\AndroidManifest.xml:51:9-61:20
	android:screenOrientation
		ADDED from src\main\AndroidManifest.xml:55:13-49
	android:label
		ADDED from src\main\AndroidManifest.xml:54:13-51
	android:configChanges
		ADDED from src\main\AndroidManifest.xml:53:13-63
	android:name
		ADDED from src\main\AndroidManifest.xml:52:13-71
intent-filter#android.intent.category.DEFAULT+com.outsource.ecg.ECG_NEW_USER
ADDED from src\main\AndroidManifest.xml:56:13-60:29
action#com.outsource.ecg.ECG_NEW_USER
ADDED from src\main\AndroidManifest.xml:57:17-73
	android:name
		ADDED from src\main\AndroidManifest.xml:57:25-70
activity#com.outsource.ecg.app.EcgUserHistroyRecordActivity
ADDED from src\main\AndroidManifest.xml:62:9-72:20
	android:screenOrientation
		ADDED from src\main\AndroidManifest.xml:66:13-49
	android:label
		ADDED from src\main\AndroidManifest.xml:65:13-63
	android:configChanges
		ADDED from src\main\AndroidManifest.xml:64:13-63
	android:name
		ADDED from src\main\AndroidManifest.xml:63:13-78
intent-filter#android.intent.category.DEFAULT+com.outsource.ecg.VIEW_HISTORY_RECORDS
ADDED from src\main\AndroidManifest.xml:67:13-71:29
action#com.outsource.ecg.VIEW_HISTORY_RECORDS
ADDED from src\main\AndroidManifest.xml:68:17-81
	android:name
		ADDED from src\main\AndroidManifest.xml:68:25-78
receiver#com.outsource.ecg.app.SDcardMountReceiver
ADDED from src\main\AndroidManifest.xml:74:9-83:20
	android:exported
		ADDED from src\main\AndroidManifest.xml:74:76-100
	android:name
		ADDED from src\main\AndroidManifest.xml:74:19-75
intent-filter#android.intent.action.MEDIA_BAD_REMOVAL+android.intent.action.MEDIA_MOUNTED+android.intent.action.MEDIA_REMOVED+android.intent.action.MEDIA_SCANNER_STARTED+android.intent.action.MEDIA_UNMOUNTED
ADDED from src\main\AndroidManifest.xml:75:13-82:29
action#android.intent.action.MEDIA_MOUNTED
ADDED from src\main\AndroidManifest.xml:76:17-78
	android:name
		ADDED from src\main\AndroidManifest.xml:76:25-75
action#android.intent.action.MEDIA_UNMOUNTED
ADDED from src\main\AndroidManifest.xml:77:17-80
	android:name
		ADDED from src\main\AndroidManifest.xml:77:25-77
action#android.intent.action.MEDIA_SCANNER_STARTED
ADDED from src\main\AndroidManifest.xml:78:17-86
	android:name
		ADDED from src\main\AndroidManifest.xml:78:25-83
action#android.intent.action.MEDIA_REMOVED
ADDED from src\main\AndroidManifest.xml:79:17-78
	android:name
		ADDED from src\main\AndroidManifest.xml:79:25-75
action#android.intent.action.MEDIA_BAD_REMOVAL
ADDED from src\main\AndroidManifest.xml:80:17-82
	android:name
		ADDED from src\main\AndroidManifest.xml:80:25-79
data
ADDED from src\main\AndroidManifest.xml:81:17-47
	android:scheme
		ADDED from src\main\AndroidManifest.xml:81:23-44
uses-sdk
ADDED from src\main\AndroidManifest.xml:86:5-88:41
INJECTED from src\main\AndroidManifest.xml:86:5-88:41
INJECTED from src\main\AndroidManifest.xml:86:5-88:41
INJECTED from src\main\AndroidManifest.xml:86:5-88:41
INJECTED from src\main\AndroidManifest.xml:86:5-88:41
	android:targetSdkVersion
		ADDED from src\main\AndroidManifest.xml:88:9-38
		INJECTED from src\main\AndroidManifest.xml
		INJECTED from src\main\AndroidManifest.xml
	android:minSdkVersion
		ADDED from src\main\AndroidManifest.xml:87:9-35
		INJECTED from src\main\AndroidManifest.xml
		INJECTED from src\main\AndroidManifest.xml